ARM GAS  /var/folders/4f/bvl6__ys6qq7h5n0wwljfc200000gn/T//ccjt6aSl.s 			page 1


   1              		.cpu cortex-m7
   2              		.eabi_attribute 28, 1
   3              		.eabi_attribute 20, 1
   4              		.eabi_attribute 21, 1
   5              		.eabi_attribute 23, 3
   6              		.eabi_attribute 24, 1
   7              		.eabi_attribute 25, 1
   8              		.eabi_attribute 26, 1
   9              		.eabi_attribute 30, 1
  10              		.eabi_attribute 34, 1
  11              		.eabi_attribute 18, 4
  12              		.file	"ff_gen_drv.c"
  13              		.text
  14              	.Ltext0:
  15              		.cfi_sections	.debug_frame
  16              		.section	.text.FATFS_LinkDriverEx,"ax",%progbits
  17              		.align	1
  18              		.global	FATFS_LinkDriverEx
  19              		.arch armv7e-m
  20              		.syntax unified
  21              		.thumb
  22              		.thumb_func
  23              		.fpu fpv5-d16
  25              	FATFS_LinkDriverEx:
  26              	.LVL0:
  27              	.LFB141:
  28              		.file 1 "Middlewares/Third_Party/FatFs/src/ff_gen_drv.c"
   1:Middlewares/Third_Party/FatFs/src/ff_gen_drv.c **** /**
   2:Middlewares/Third_Party/FatFs/src/ff_gen_drv.c ****   ******************************************************************************
   3:Middlewares/Third_Party/FatFs/src/ff_gen_drv.c ****   * @file    ff_gen_drv.c
   4:Middlewares/Third_Party/FatFs/src/ff_gen_drv.c ****   * @author  MCD Application Team
   5:Middlewares/Third_Party/FatFs/src/ff_gen_drv.c ****   * @brief   FatFs generic low level driver.
   6:Middlewares/Third_Party/FatFs/src/ff_gen_drv.c ****   *****************************************************************************
   7:Middlewares/Third_Party/FatFs/src/ff_gen_drv.c ****   * @attention
   8:Middlewares/Third_Party/FatFs/src/ff_gen_drv.c ****   *
   9:Middlewares/Third_Party/FatFs/src/ff_gen_drv.c ****   * Copyright (c) 2017 STMicroelectronics. All rights reserved.
  10:Middlewares/Third_Party/FatFs/src/ff_gen_drv.c ****   *
  11:Middlewares/Third_Party/FatFs/src/ff_gen_drv.c ****   * This software component is licensed by ST under BSD 3-Clause license,
  12:Middlewares/Third_Party/FatFs/src/ff_gen_drv.c ****   * the "License"; You may not use this file except in compliance with the
  13:Middlewares/Third_Party/FatFs/src/ff_gen_drv.c ****   * License. You may obtain a copy of the License at:
  14:Middlewares/Third_Party/FatFs/src/ff_gen_drv.c ****   *                       opensource.org/licenses/BSD-3-Clause
  15:Middlewares/Third_Party/FatFs/src/ff_gen_drv.c ****   *
  16:Middlewares/Third_Party/FatFs/src/ff_gen_drv.c ****   ******************************************************************************
  17:Middlewares/Third_Party/FatFs/src/ff_gen_drv.c **** **/
  18:Middlewares/Third_Party/FatFs/src/ff_gen_drv.c **** /* Includes ------------------------------------------------------------------*/
  19:Middlewares/Third_Party/FatFs/src/ff_gen_drv.c **** #include "ff_gen_drv.h"
  20:Middlewares/Third_Party/FatFs/src/ff_gen_drv.c **** 
  21:Middlewares/Third_Party/FatFs/src/ff_gen_drv.c **** /* Private typedef -----------------------------------------------------------*/
  22:Middlewares/Third_Party/FatFs/src/ff_gen_drv.c **** /* Private define ------------------------------------------------------------*/
  23:Middlewares/Third_Party/FatFs/src/ff_gen_drv.c **** /* Private variables ---------------------------------------------------------*/
  24:Middlewares/Third_Party/FatFs/src/ff_gen_drv.c **** Disk_drvTypeDef disk = {{0},{0},{0},0};
  25:Middlewares/Third_Party/FatFs/src/ff_gen_drv.c **** 
  26:Middlewares/Third_Party/FatFs/src/ff_gen_drv.c **** /* Private function prototypes -----------------------------------------------*/
  27:Middlewares/Third_Party/FatFs/src/ff_gen_drv.c **** /* Private functions ---------------------------------------------------------*/
  28:Middlewares/Third_Party/FatFs/src/ff_gen_drv.c **** 
  29:Middlewares/Third_Party/FatFs/src/ff_gen_drv.c **** /**
  30:Middlewares/Third_Party/FatFs/src/ff_gen_drv.c ****   * @brief  Links a compatible diskio driver/lun id and increments the number of active
ARM GAS  /var/folders/4f/bvl6__ys6qq7h5n0wwljfc200000gn/T//ccjt6aSl.s 			page 2


  31:Middlewares/Third_Party/FatFs/src/ff_gen_drv.c ****   *         linked drivers.
  32:Middlewares/Third_Party/FatFs/src/ff_gen_drv.c ****   * @note   The number of linked drivers (volumes) is up to 10 due to FatFs limits.
  33:Middlewares/Third_Party/FatFs/src/ff_gen_drv.c ****   * @param  drv: pointer to the disk IO Driver structure
  34:Middlewares/Third_Party/FatFs/src/ff_gen_drv.c ****   * @param  path: pointer to the logical drive path
  35:Middlewares/Third_Party/FatFs/src/ff_gen_drv.c ****   * @param  lun : only used for USB Key Disk to add multi-lun management
  36:Middlewares/Third_Party/FatFs/src/ff_gen_drv.c ****             else the parameter must be equal to 0
  37:Middlewares/Third_Party/FatFs/src/ff_gen_drv.c ****   * @retval Returns 0 in case of success, otherwise 1.
  38:Middlewares/Third_Party/FatFs/src/ff_gen_drv.c ****   */
  39:Middlewares/Third_Party/FatFs/src/ff_gen_drv.c **** uint8_t FATFS_LinkDriverEx(const Diskio_drvTypeDef *drv, char *path, uint8_t lun)
  40:Middlewares/Third_Party/FatFs/src/ff_gen_drv.c **** {
  29              		.loc 1 40 1 view -0
  30              		.cfi_startproc
  31              		@ args = 0, pretend = 0, frame = 0
  32              		@ frame_needed = 0, uses_anonymous_args = 0
  33              		@ link register save eliminated.
  41:Middlewares/Third_Party/FatFs/src/ff_gen_drv.c ****   uint8_t ret = 1;
  34              		.loc 1 41 3 view .LVU1
  42:Middlewares/Third_Party/FatFs/src/ff_gen_drv.c ****   uint8_t DiskNum = 0;
  35              		.loc 1 42 3 view .LVU2
  43:Middlewares/Third_Party/FatFs/src/ff_gen_drv.c **** 
  44:Middlewares/Third_Party/FatFs/src/ff_gen_drv.c ****   if(disk.nbr < _VOLUMES)
  36              		.loc 1 44 3 view .LVU3
  37              		.loc 1 44 10 is_stmt 0 view .LVU4
  38 0000 114B     		ldr	r3, .L8
  39 0002 5B7A     		ldrb	r3, [r3, #9]	@ zero_extendqisi2
  40              		.loc 1 44 5 view .LVU5
  41 0004 EBB9     		cbnz	r3, .L3
  40:Middlewares/Third_Party/FatFs/src/ff_gen_drv.c ****   uint8_t ret = 1;
  42              		.loc 1 40 1 view .LVU6
  43 0006 70B4     		push	{r4, r5, r6}
  44              	.LCFI0:
  45              		.cfi_def_cfa_offset 12
  46              		.cfi_offset 4, -12
  47              		.cfi_offset 5, -8
  48              		.cfi_offset 6, -4
  49 0008 0646     		mov	r6, r0
  50 000a 03F0FF00 		and	r0, r3, #255
  51              	.LVL1:
  45:Middlewares/Third_Party/FatFs/src/ff_gen_drv.c ****   {
  46:Middlewares/Third_Party/FatFs/src/ff_gen_drv.c ****     disk.is_initialized[disk.nbr] = 0;
  52              		.loc 1 46 5 is_stmt 1 view .LVU7
  53              		.loc 1 46 29 is_stmt 0 view .LVU8
  54 000e 0E4B     		ldr	r3, .L8
  55 0010 5C7A     		ldrb	r4, [r3, #9]	@ zero_extendqisi2
  56 0012 E4B2     		uxtb	r4, r4
  57              		.loc 1 46 35 view .LVU9
  58 0014 0025     		movs	r5, #0
  59 0016 1D55     		strb	r5, [r3, r4]
  47:Middlewares/Third_Party/FatFs/src/ff_gen_drv.c ****     disk.drv[disk.nbr] = drv;
  60              		.loc 1 47 5 is_stmt 1 view .LVU10
  61              		.loc 1 47 18 is_stmt 0 view .LVU11
  62 0018 5C7A     		ldrb	r4, [r3, #9]	@ zero_extendqisi2
  63              		.loc 1 47 24 view .LVU12
  64 001a 03EB8404 		add	r4, r3, r4, lsl #2
  65 001e 6660     		str	r6, [r4, #4]
  48:Middlewares/Third_Party/FatFs/src/ff_gen_drv.c ****     disk.lun[disk.nbr] = lun;
  66              		.loc 1 48 5 is_stmt 1 view .LVU13
ARM GAS  /var/folders/4f/bvl6__ys6qq7h5n0wwljfc200000gn/T//ccjt6aSl.s 			page 3


  67              		.loc 1 48 18 is_stmt 0 view .LVU14
  68 0020 5C7A     		ldrb	r4, [r3, #9]	@ zero_extendqisi2
  69              		.loc 1 48 24 view .LVU15
  70 0022 1C44     		add	r4, r4, r3
  71 0024 2272     		strb	r2, [r4, #8]
  49:Middlewares/Third_Party/FatFs/src/ff_gen_drv.c ****     DiskNum = disk.nbr++;
  72              		.loc 1 49 5 is_stmt 1 view .LVU16
  73              		.loc 1 49 19 is_stmt 0 view .LVU17
  74 0026 5A7A     		ldrb	r2, [r3, #9]	@ zero_extendqisi2
  75              	.LVL2:
  76              		.loc 1 49 19 view .LVU18
  77 0028 D2B2     		uxtb	r2, r2
  78              		.loc 1 49 23 view .LVU19
  79 002a 541C     		adds	r4, r2, #1
  80              	.LVL3:
  81              		.loc 1 49 23 view .LVU20
  82 002c E4B2     		uxtb	r4, r4
  83 002e 5C72     		strb	r4, [r3, #9]
  84              	.LVL4:
  50:Middlewares/Third_Party/FatFs/src/ff_gen_drv.c ****     path[0] = DiskNum + '0';
  85              		.loc 1 50 5 is_stmt 1 view .LVU21
  86              		.loc 1 50 23 is_stmt 0 view .LVU22
  87 0030 3032     		adds	r2, r2, #48
  88              	.LVL5:
  89              		.loc 1 50 13 view .LVU23
  90 0032 0A70     		strb	r2, [r1]
  51:Middlewares/Third_Party/FatFs/src/ff_gen_drv.c ****     path[1] = ':';
  91              		.loc 1 51 5 is_stmt 1 view .LVU24
  92              		.loc 1 51 13 is_stmt 0 view .LVU25
  93 0034 3A23     		movs	r3, #58
  94 0036 4B70     		strb	r3, [r1, #1]
  52:Middlewares/Third_Party/FatFs/src/ff_gen_drv.c ****     path[2] = '/';
  95              		.loc 1 52 5 is_stmt 1 view .LVU26
  96              		.loc 1 52 13 is_stmt 0 view .LVU27
  97 0038 2F23     		movs	r3, #47
  98 003a 8B70     		strb	r3, [r1, #2]
  53:Middlewares/Third_Party/FatFs/src/ff_gen_drv.c ****     path[3] = 0;
  99              		.loc 1 53 5 is_stmt 1 view .LVU28
 100              		.loc 1 53 13 is_stmt 0 view .LVU29
 101 003c CD70     		strb	r5, [r1, #3]
  54:Middlewares/Third_Party/FatFs/src/ff_gen_drv.c ****     ret = 0;
 102              		.loc 1 54 5 is_stmt 1 view .LVU30
 103              	.LVL6:
  55:Middlewares/Third_Party/FatFs/src/ff_gen_drv.c ****   }
  56:Middlewares/Third_Party/FatFs/src/ff_gen_drv.c **** 
  57:Middlewares/Third_Party/FatFs/src/ff_gen_drv.c ****   return ret;
 104              		.loc 1 57 3 view .LVU31
  58:Middlewares/Third_Party/FatFs/src/ff_gen_drv.c **** }
 105              		.loc 1 58 1 is_stmt 0 view .LVU32
 106 003e 70BC     		pop	{r4, r5, r6}
 107              	.LCFI1:
 108              		.cfi_restore 6
 109              		.cfi_restore 5
 110              		.cfi_restore 4
 111              		.cfi_def_cfa_offset 0
 112              	.LVL7:
 113              		.loc 1 58 1 view .LVU33
ARM GAS  /var/folders/4f/bvl6__ys6qq7h5n0wwljfc200000gn/T//ccjt6aSl.s 			page 4


 114 0040 7047     		bx	lr
 115              	.LVL8:
 116              	.L3:
  41:Middlewares/Third_Party/FatFs/src/ff_gen_drv.c ****   uint8_t DiskNum = 0;
 117              		.loc 1 41 11 view .LVU34
 118 0042 0120     		movs	r0, #1
 119              	.LVL9:
  57:Middlewares/Third_Party/FatFs/src/ff_gen_drv.c **** }
 120              		.loc 1 57 3 is_stmt 1 view .LVU35
 121              		.loc 1 58 1 is_stmt 0 view .LVU36
 122 0044 7047     		bx	lr
 123              	.L9:
 124 0046 00BF     		.align	2
 125              	.L8:
 126 0048 00000000 		.word	.LANCHOR0
 127              		.cfi_endproc
 128              	.LFE141:
 130              		.section	.text.FATFS_LinkDriver,"ax",%progbits
 131              		.align	1
 132              		.global	FATFS_LinkDriver
 133              		.syntax unified
 134              		.thumb
 135              		.thumb_func
 136              		.fpu fpv5-d16
 138              	FATFS_LinkDriver:
 139              	.LVL10:
 140              	.LFB142:
  59:Middlewares/Third_Party/FatFs/src/ff_gen_drv.c **** 
  60:Middlewares/Third_Party/FatFs/src/ff_gen_drv.c **** /**
  61:Middlewares/Third_Party/FatFs/src/ff_gen_drv.c ****   * @brief  Links a compatible diskio driver and increments the number of active
  62:Middlewares/Third_Party/FatFs/src/ff_gen_drv.c ****   *         linked drivers.
  63:Middlewares/Third_Party/FatFs/src/ff_gen_drv.c ****   * @note   The number of linked drivers (volumes) is up to 10 due to FatFs limits
  64:Middlewares/Third_Party/FatFs/src/ff_gen_drv.c ****   * @param  drv: pointer to the disk IO Driver structure
  65:Middlewares/Third_Party/FatFs/src/ff_gen_drv.c ****   * @param  path: pointer to the logical drive path
  66:Middlewares/Third_Party/FatFs/src/ff_gen_drv.c ****   * @retval Returns 0 in case of success, otherwise 1.
  67:Middlewares/Third_Party/FatFs/src/ff_gen_drv.c ****   */
  68:Middlewares/Third_Party/FatFs/src/ff_gen_drv.c **** uint8_t FATFS_LinkDriver(const Diskio_drvTypeDef *drv, char *path)
  69:Middlewares/Third_Party/FatFs/src/ff_gen_drv.c **** {
 141              		.loc 1 69 1 is_stmt 1 view -0
 142              		.cfi_startproc
 143              		@ args = 0, pretend = 0, frame = 0
 144              		@ frame_needed = 0, uses_anonymous_args = 0
 145              		.loc 1 69 1 is_stmt 0 view .LVU38
 146 0000 08B5     		push	{r3, lr}
 147              	.LCFI2:
 148              		.cfi_def_cfa_offset 8
 149              		.cfi_offset 3, -8
 150              		.cfi_offset 14, -4
  70:Middlewares/Third_Party/FatFs/src/ff_gen_drv.c ****   return FATFS_LinkDriverEx(drv, path, 0);
 151              		.loc 1 70 3 is_stmt 1 view .LVU39
 152              		.loc 1 70 10 is_stmt 0 view .LVU40
 153 0002 0022     		movs	r2, #0
 154 0004 FFF7FEFF 		bl	FATFS_LinkDriverEx
 155              	.LVL11:
  71:Middlewares/Third_Party/FatFs/src/ff_gen_drv.c **** }
 156              		.loc 1 71 1 view .LVU41
 157 0008 08BD     		pop	{r3, pc}
ARM GAS  /var/folders/4f/bvl6__ys6qq7h5n0wwljfc200000gn/T//ccjt6aSl.s 			page 5


 158              		.cfi_endproc
 159              	.LFE142:
 161              		.section	.text.FATFS_UnLinkDriverEx,"ax",%progbits
 162              		.align	1
 163              		.global	FATFS_UnLinkDriverEx
 164              		.syntax unified
 165              		.thumb
 166              		.thumb_func
 167              		.fpu fpv5-d16
 169              	FATFS_UnLinkDriverEx:
 170              	.LVL12:
 171              	.LFB143:
  72:Middlewares/Third_Party/FatFs/src/ff_gen_drv.c **** 
  73:Middlewares/Third_Party/FatFs/src/ff_gen_drv.c **** /**
  74:Middlewares/Third_Party/FatFs/src/ff_gen_drv.c ****   * @brief  Unlinks a diskio driver and decrements the number of active linked
  75:Middlewares/Third_Party/FatFs/src/ff_gen_drv.c ****   *         drivers.
  76:Middlewares/Third_Party/FatFs/src/ff_gen_drv.c ****   * @param  path: pointer to the logical drive path
  77:Middlewares/Third_Party/FatFs/src/ff_gen_drv.c ****   * @param  lun : not used
  78:Middlewares/Third_Party/FatFs/src/ff_gen_drv.c ****   * @retval Returns 0 in case of success, otherwise 1.
  79:Middlewares/Third_Party/FatFs/src/ff_gen_drv.c ****   */
  80:Middlewares/Third_Party/FatFs/src/ff_gen_drv.c **** uint8_t FATFS_UnLinkDriverEx(char *path, uint8_t lun)
  81:Middlewares/Third_Party/FatFs/src/ff_gen_drv.c **** {
 172              		.loc 1 81 1 is_stmt 1 view -0
 173              		.cfi_startproc
 174              		@ args = 0, pretend = 0, frame = 0
 175              		@ frame_needed = 0, uses_anonymous_args = 0
 176              		@ link register save eliminated.
  82:Middlewares/Third_Party/FatFs/src/ff_gen_drv.c ****   uint8_t DiskNum = 0;
 177              		.loc 1 82 3 view .LVU43
  83:Middlewares/Third_Party/FatFs/src/ff_gen_drv.c ****   uint8_t ret = 1;
 178              		.loc 1 83 3 view .LVU44
  84:Middlewares/Third_Party/FatFs/src/ff_gen_drv.c **** 
  85:Middlewares/Third_Party/FatFs/src/ff_gen_drv.c ****   if(disk.nbr >= 1)
 179              		.loc 1 85 3 view .LVU45
 180              		.loc 1 85 10 is_stmt 0 view .LVU46
 181 0000 0D4B     		ldr	r3, .L16
 182 0002 5B7A     		ldrb	r3, [r3, #9]	@ zero_extendqisi2
 183              		.loc 1 85 5 view .LVU47
 184 0004 9BB1     		cbz	r3, .L14
  86:Middlewares/Third_Party/FatFs/src/ff_gen_drv.c ****   {
  87:Middlewares/Third_Party/FatFs/src/ff_gen_drv.c ****     DiskNum = path[0] - '0';
 185              		.loc 1 87 5 is_stmt 1 view .LVU48
 186              		.loc 1 87 19 is_stmt 0 view .LVU49
 187 0006 0378     		ldrb	r3, [r0]	@ zero_extendqisi2
 188              		.loc 1 87 13 view .LVU50
 189 0008 303B     		subs	r3, r3, #48
 190 000a DBB2     		uxtb	r3, r3
 191              	.LVL13:
  88:Middlewares/Third_Party/FatFs/src/ff_gen_drv.c ****     if(disk.drv[DiskNum] != 0)
 192              		.loc 1 88 5 is_stmt 1 view .LVU51
 193              		.loc 1 88 16 is_stmt 0 view .LVU52
 194 000c 0A4A     		ldr	r2, .L16
 195 000e 02EB8302 		add	r2, r2, r3, lsl #2
 196 0012 5268     		ldr	r2, [r2, #4]
 197              		.loc 1 88 7 view .LVU53
 198 0014 6AB1     		cbz	r2, .L15
  89:Middlewares/Third_Party/FatFs/src/ff_gen_drv.c ****     {
ARM GAS  /var/folders/4f/bvl6__ys6qq7h5n0wwljfc200000gn/T//ccjt6aSl.s 			page 6


  90:Middlewares/Third_Party/FatFs/src/ff_gen_drv.c ****       disk.drv[DiskNum] = 0;
 199              		.loc 1 90 7 is_stmt 1 view .LVU54
 200              		.loc 1 90 25 is_stmt 0 view .LVU55
 201 0016 084A     		ldr	r2, .L16
 202 0018 02EB8301 		add	r1, r2, r3, lsl #2
 203              	.LVL14:
 204              		.loc 1 90 25 view .LVU56
 205 001c 0020     		movs	r0, #0
 206              	.LVL15:
 207              		.loc 1 90 25 view .LVU57
 208 001e 4860     		str	r0, [r1, #4]
  91:Middlewares/Third_Party/FatFs/src/ff_gen_drv.c ****       disk.lun[DiskNum] = 0;
 209              		.loc 1 91 7 is_stmt 1 view .LVU58
 210              		.loc 1 91 25 is_stmt 0 view .LVU59
 211 0020 1344     		add	r3, r3, r2
 212 0022 1872     		strb	r0, [r3, #8]
  92:Middlewares/Third_Party/FatFs/src/ff_gen_drv.c ****       disk.nbr--;
 213              		.loc 1 92 7 is_stmt 1 view .LVU60
 214              		.loc 1 92 11 is_stmt 0 view .LVU61
 215 0024 537A     		ldrb	r3, [r2, #9]	@ zero_extendqisi2
 216              		.loc 1 92 15 view .LVU62
 217 0026 013B     		subs	r3, r3, #1
 218 0028 DBB2     		uxtb	r3, r3
 219 002a 5372     		strb	r3, [r2, #9]
  93:Middlewares/Third_Party/FatFs/src/ff_gen_drv.c ****       ret = 0;
 220              		.loc 1 93 7 is_stmt 1 view .LVU63
 221              	.LVL16:
 222              		.loc 1 93 7 is_stmt 0 view .LVU64
 223 002c 7047     		bx	lr
 224              	.LVL17:
 225              	.L14:
  83:Middlewares/Third_Party/FatFs/src/ff_gen_drv.c **** 
 226              		.loc 1 83 11 view .LVU65
 227 002e 0120     		movs	r0, #1
 228              	.LVL18:
  83:Middlewares/Third_Party/FatFs/src/ff_gen_drv.c **** 
 229              		.loc 1 83 11 view .LVU66
 230 0030 7047     		bx	lr
 231              	.LVL19:
 232              	.L15:
  83:Middlewares/Third_Party/FatFs/src/ff_gen_drv.c **** 
 233              		.loc 1 83 11 view .LVU67
 234 0032 0120     		movs	r0, #1
 235              	.LVL20:
  94:Middlewares/Third_Party/FatFs/src/ff_gen_drv.c ****     }
  95:Middlewares/Third_Party/FatFs/src/ff_gen_drv.c ****   }
  96:Middlewares/Third_Party/FatFs/src/ff_gen_drv.c **** 
  97:Middlewares/Third_Party/FatFs/src/ff_gen_drv.c ****   return ret;
 236              		.loc 1 97 3 is_stmt 1 view .LVU68
  98:Middlewares/Third_Party/FatFs/src/ff_gen_drv.c **** }
 237              		.loc 1 98 1 is_stmt 0 view .LVU69
 238 0034 7047     		bx	lr
 239              	.L17:
 240 0036 00BF     		.align	2
 241              	.L16:
 242 0038 00000000 		.word	.LANCHOR0
 243              		.cfi_endproc
ARM GAS  /var/folders/4f/bvl6__ys6qq7h5n0wwljfc200000gn/T//ccjt6aSl.s 			page 7


 244              	.LFE143:
 246              		.section	.text.FATFS_UnLinkDriver,"ax",%progbits
 247              		.align	1
 248              		.global	FATFS_UnLinkDriver
 249              		.syntax unified
 250              		.thumb
 251              		.thumb_func
 252              		.fpu fpv5-d16
 254              	FATFS_UnLinkDriver:
 255              	.LVL21:
 256              	.LFB144:
  99:Middlewares/Third_Party/FatFs/src/ff_gen_drv.c **** 
 100:Middlewares/Third_Party/FatFs/src/ff_gen_drv.c **** /**
 101:Middlewares/Third_Party/FatFs/src/ff_gen_drv.c ****   * @brief  Unlinks a diskio driver and decrements the number of active linked
 102:Middlewares/Third_Party/FatFs/src/ff_gen_drv.c ****   *         drivers.
 103:Middlewares/Third_Party/FatFs/src/ff_gen_drv.c ****   * @param  path: pointer to the logical drive path
 104:Middlewares/Third_Party/FatFs/src/ff_gen_drv.c ****   * @retval Returns 0 in case of success, otherwise 1.
 105:Middlewares/Third_Party/FatFs/src/ff_gen_drv.c ****   */
 106:Middlewares/Third_Party/FatFs/src/ff_gen_drv.c **** uint8_t FATFS_UnLinkDriver(char *path)
 107:Middlewares/Third_Party/FatFs/src/ff_gen_drv.c **** {
 257              		.loc 1 107 1 is_stmt 1 view -0
 258              		.cfi_startproc
 259              		@ args = 0, pretend = 0, frame = 0
 260              		@ frame_needed = 0, uses_anonymous_args = 0
 261              		.loc 1 107 1 is_stmt 0 view .LVU71
 262 0000 08B5     		push	{r3, lr}
 263              	.LCFI3:
 264              		.cfi_def_cfa_offset 8
 265              		.cfi_offset 3, -8
 266              		.cfi_offset 14, -4
 108:Middlewares/Third_Party/FatFs/src/ff_gen_drv.c ****   return FATFS_UnLinkDriverEx(path, 0);
 267              		.loc 1 108 3 is_stmt 1 view .LVU72
 268              		.loc 1 108 10 is_stmt 0 view .LVU73
 269 0002 0021     		movs	r1, #0
 270 0004 FFF7FEFF 		bl	FATFS_UnLinkDriverEx
 271              	.LVL22:
 109:Middlewares/Third_Party/FatFs/src/ff_gen_drv.c **** }
 272              		.loc 1 109 1 view .LVU74
 273 0008 08BD     		pop	{r3, pc}
 274              		.cfi_endproc
 275              	.LFE144:
 277              		.section	.text.FATFS_GetAttachedDriversNbr,"ax",%progbits
 278              		.align	1
 279              		.global	FATFS_GetAttachedDriversNbr
 280              		.syntax unified
 281              		.thumb
 282              		.thumb_func
 283              		.fpu fpv5-d16
 285              	FATFS_GetAttachedDriversNbr:
 286              	.LFB145:
 110:Middlewares/Third_Party/FatFs/src/ff_gen_drv.c **** 
 111:Middlewares/Third_Party/FatFs/src/ff_gen_drv.c **** /**
 112:Middlewares/Third_Party/FatFs/src/ff_gen_drv.c ****   * @brief  Gets number of linked drivers to the FatFs module.
 113:Middlewares/Third_Party/FatFs/src/ff_gen_drv.c ****   * @param  None
 114:Middlewares/Third_Party/FatFs/src/ff_gen_drv.c ****   * @retval Number of attached drivers.
 115:Middlewares/Third_Party/FatFs/src/ff_gen_drv.c ****   */
 116:Middlewares/Third_Party/FatFs/src/ff_gen_drv.c **** uint8_t FATFS_GetAttachedDriversNbr(void)
ARM GAS  /var/folders/4f/bvl6__ys6qq7h5n0wwljfc200000gn/T//ccjt6aSl.s 			page 8


 117:Middlewares/Third_Party/FatFs/src/ff_gen_drv.c **** {
 287              		.loc 1 117 1 is_stmt 1 view -0
 288              		.cfi_startproc
 289              		@ args = 0, pretend = 0, frame = 0
 290              		@ frame_needed = 0, uses_anonymous_args = 0
 291              		@ link register save eliminated.
 118:Middlewares/Third_Party/FatFs/src/ff_gen_drv.c ****   return disk.nbr;
 292              		.loc 1 118 3 view .LVU76
 293              		.loc 1 118 14 is_stmt 0 view .LVU77
 294 0000 014B     		ldr	r3, .L21
 295 0002 587A     		ldrb	r0, [r3, #9]	@ zero_extendqisi2
 119:Middlewares/Third_Party/FatFs/src/ff_gen_drv.c **** }
 296              		.loc 1 119 1 view .LVU78
 297 0004 7047     		bx	lr
 298              	.L22:
 299 0006 00BF     		.align	2
 300              	.L21:
 301 0008 00000000 		.word	.LANCHOR0
 302              		.cfi_endproc
 303              	.LFE145:
 305              		.global	disk
 306              		.section	.bss.disk,"aw",%nobits
 307              		.align	2
 308              		.set	.LANCHOR0,. + 0
 311              	disk:
 312 0000 00000000 		.space	12
 312      00000000 
 312      00000000 
 313              		.text
 314              	.Letext0:
 315              		.file 2 "Middlewares/Third_Party/FatFs/src/integer.h"
 316              		.file 3 "Middlewares/Third_Party/FatFs/src/diskio.h"
 317              		.file 4 "/Users/evan/mixr/software/gcc-arm-none-eabi-8-2019-q3-update/arm-none-eabi/include/machin
 318              		.file 5 "/Users/evan/mixr/software/gcc-arm-none-eabi-8-2019-q3-update/arm-none-eabi/include/sys/_s
 319              		.file 6 "Drivers/CMSIS/Include/core_cm7.h"
 320              		.file 7 "Drivers/CMSIS/Device/ST/STM32F7xx/Include/system_stm32f7xx.h"
 321              		.file 8 "Drivers/STM32F7xx_HAL_Driver/Inc/stm32f7xx_hal.h"
 322              		.file 9 "/Users/evan/mixr/software/gcc-arm-none-eabi-8-2019-q3-update/lib/gcc/arm-none-eabi/8.3.1/
 323              		.file 10 "/Users/evan/mixr/software/gcc-arm-none-eabi-8-2019-q3-update/arm-none-eabi/include/sys/_
 324              		.file 11 "/Users/evan/mixr/software/gcc-arm-none-eabi-8-2019-q3-update/arm-none-eabi/include/sys/r
 325              		.file 12 "/Users/evan/mixr/software/gcc-arm-none-eabi-8-2019-q3-update/arm-none-eabi/include/sys/l
 326              		.file 13 "/Users/evan/mixr/software/gcc-arm-none-eabi-8-2019-q3-update/arm-none-eabi/include/stdli
 327              		.file 14 "Middlewares/Third_Party/FatFs/src/ff_gen_drv.h"
ARM GAS  /var/folders/4f/bvl6__ys6qq7h5n0wwljfc200000gn/T//ccjt6aSl.s 			page 9


DEFINED SYMBOLS
                            *ABS*:0000000000000000 ff_gen_drv.c
/var/folders/4f/bvl6__ys6qq7h5n0wwljfc200000gn/T//ccjt6aSl.s:17     .text.FATFS_LinkDriverEx:0000000000000000 $t
/var/folders/4f/bvl6__ys6qq7h5n0wwljfc200000gn/T//ccjt6aSl.s:25     .text.FATFS_LinkDriverEx:0000000000000000 FATFS_LinkDriverEx
/var/folders/4f/bvl6__ys6qq7h5n0wwljfc200000gn/T//ccjt6aSl.s:126    .text.FATFS_LinkDriverEx:0000000000000048 $d
/var/folders/4f/bvl6__ys6qq7h5n0wwljfc200000gn/T//ccjt6aSl.s:131    .text.FATFS_LinkDriver:0000000000000000 $t
/var/folders/4f/bvl6__ys6qq7h5n0wwljfc200000gn/T//ccjt6aSl.s:138    .text.FATFS_LinkDriver:0000000000000000 FATFS_LinkDriver
/var/folders/4f/bvl6__ys6qq7h5n0wwljfc200000gn/T//ccjt6aSl.s:162    .text.FATFS_UnLinkDriverEx:0000000000000000 $t
/var/folders/4f/bvl6__ys6qq7h5n0wwljfc200000gn/T//ccjt6aSl.s:169    .text.FATFS_UnLinkDriverEx:0000000000000000 FATFS_UnLinkDriverEx
/var/folders/4f/bvl6__ys6qq7h5n0wwljfc200000gn/T//ccjt6aSl.s:242    .text.FATFS_UnLinkDriverEx:0000000000000038 $d
/var/folders/4f/bvl6__ys6qq7h5n0wwljfc200000gn/T//ccjt6aSl.s:247    .text.FATFS_UnLinkDriver:0000000000000000 $t
/var/folders/4f/bvl6__ys6qq7h5n0wwljfc200000gn/T//ccjt6aSl.s:254    .text.FATFS_UnLinkDriver:0000000000000000 FATFS_UnLinkDriver
/var/folders/4f/bvl6__ys6qq7h5n0wwljfc200000gn/T//ccjt6aSl.s:278    .text.FATFS_GetAttachedDriversNbr:0000000000000000 $t
/var/folders/4f/bvl6__ys6qq7h5n0wwljfc200000gn/T//ccjt6aSl.s:285    .text.FATFS_GetAttachedDriversNbr:0000000000000000 FATFS_GetAttachedDriversNbr
/var/folders/4f/bvl6__ys6qq7h5n0wwljfc200000gn/T//ccjt6aSl.s:301    .text.FATFS_GetAttachedDriversNbr:0000000000000008 $d
/var/folders/4f/bvl6__ys6qq7h5n0wwljfc200000gn/T//ccjt6aSl.s:311    .bss.disk:0000000000000000 disk
/var/folders/4f/bvl6__ys6qq7h5n0wwljfc200000gn/T//ccjt6aSl.s:307    .bss.disk:0000000000000000 $d

NO UNDEFINED SYMBOLS
