ARM GAS  /var/folders/4f/bvl6__ys6qq7h5n0wwljfc200000gn/T//cc5KuBtX.s 			page 1


   1              		.cpu cortex-m7
   2              		.eabi_attribute 28, 1
   3              		.eabi_attribute 20, 1
   4              		.eabi_attribute 21, 1
   5              		.eabi_attribute 23, 3
   6              		.eabi_attribute 24, 1
   7              		.eabi_attribute 25, 1
   8              		.eabi_attribute 26, 1
   9              		.eabi_attribute 30, 1
  10              		.eabi_attribute 34, 1
  11              		.eabi_attribute 18, 4
  12              		.file	"stm32f7xx_it.c"
  13              		.text
  14              	.Ltext0:
  15              		.cfi_sections	.debug_frame
  16              		.section	.text.NMI_Handler,"ax",%progbits
  17              		.align	1
  18              		.global	NMI_Handler
  19              		.arch armv7e-m
  20              		.syntax unified
  21              		.thumb
  22              		.thumb_func
  23              		.fpu fpv5-d16
  25              	NMI_Handler:
  26              	.LFB141:
  27              		.file 1 "Src/stm32f7xx_it.c"
   1:Src/stm32f7xx_it.c **** /* USER CODE BEGIN Header */
   2:Src/stm32f7xx_it.c **** /**
   3:Src/stm32f7xx_it.c ****   ******************************************************************************
   4:Src/stm32f7xx_it.c ****   * @file    stm32f7xx_it.c
   5:Src/stm32f7xx_it.c ****   * @brief   Interrupt Service Routines.
   6:Src/stm32f7xx_it.c ****   ******************************************************************************
   7:Src/stm32f7xx_it.c ****   * @attention
   8:Src/stm32f7xx_it.c ****   *
   9:Src/stm32f7xx_it.c ****   * <h2><center>&copy; Copyright (c) 2020 STMicroelectronics.
  10:Src/stm32f7xx_it.c ****   * All rights reserved.</center></h2>
  11:Src/stm32f7xx_it.c ****   *
  12:Src/stm32f7xx_it.c ****   * This software component is licensed by ST under Ultimate Liberty license
  13:Src/stm32f7xx_it.c ****   * SLA0044, the "License"; You may not use this file except in compliance with
  14:Src/stm32f7xx_it.c ****   * the License. You may obtain a copy of the License at:
  15:Src/stm32f7xx_it.c ****   *                             www.st.com/SLA0044
  16:Src/stm32f7xx_it.c ****   *
  17:Src/stm32f7xx_it.c ****   ******************************************************************************
  18:Src/stm32f7xx_it.c ****   */
  19:Src/stm32f7xx_it.c **** /* USER CODE END Header */
  20:Src/stm32f7xx_it.c **** 
  21:Src/stm32f7xx_it.c **** /* Includes ------------------------------------------------------------------*/
  22:Src/stm32f7xx_it.c **** #include "main.h"
  23:Src/stm32f7xx_it.c **** #include "stm32f7xx_it.h"
  24:Src/stm32f7xx_it.c **** /* Private includes ----------------------------------------------------------*/
  25:Src/stm32f7xx_it.c **** /* USER CODE BEGIN Includes */
  26:Src/stm32f7xx_it.c **** /* USER CODE END Includes */
  27:Src/stm32f7xx_it.c ****   
  28:Src/stm32f7xx_it.c **** /* Private typedef -----------------------------------------------------------*/
  29:Src/stm32f7xx_it.c **** /* USER CODE BEGIN TD */
  30:Src/stm32f7xx_it.c **** 
  31:Src/stm32f7xx_it.c **** /* USER CODE END TD */
ARM GAS  /var/folders/4f/bvl6__ys6qq7h5n0wwljfc200000gn/T//cc5KuBtX.s 			page 2


  32:Src/stm32f7xx_it.c **** 
  33:Src/stm32f7xx_it.c **** /* Private define ------------------------------------------------------------*/
  34:Src/stm32f7xx_it.c **** /* USER CODE BEGIN PD */
  35:Src/stm32f7xx_it.c ****  
  36:Src/stm32f7xx_it.c **** /* USER CODE END PD */
  37:Src/stm32f7xx_it.c **** 
  38:Src/stm32f7xx_it.c **** /* Private macro -------------------------------------------------------------*/
  39:Src/stm32f7xx_it.c **** /* USER CODE BEGIN PM */
  40:Src/stm32f7xx_it.c **** 
  41:Src/stm32f7xx_it.c **** /* USER CODE END PM */
  42:Src/stm32f7xx_it.c **** 
  43:Src/stm32f7xx_it.c **** /* Private variables ---------------------------------------------------------*/
  44:Src/stm32f7xx_it.c **** /* USER CODE BEGIN PV */
  45:Src/stm32f7xx_it.c **** 
  46:Src/stm32f7xx_it.c **** /* USER CODE END PV */
  47:Src/stm32f7xx_it.c **** 
  48:Src/stm32f7xx_it.c **** /* Private function prototypes -----------------------------------------------*/
  49:Src/stm32f7xx_it.c **** /* USER CODE BEGIN PFP */
  50:Src/stm32f7xx_it.c **** 
  51:Src/stm32f7xx_it.c **** /* USER CODE END PFP */
  52:Src/stm32f7xx_it.c **** 
  53:Src/stm32f7xx_it.c **** /* Private user code ---------------------------------------------------------*/
  54:Src/stm32f7xx_it.c **** /* USER CODE BEGIN 0 */
  55:Src/stm32f7xx_it.c **** 
  56:Src/stm32f7xx_it.c **** /* USER CODE END 0 */
  57:Src/stm32f7xx_it.c **** 
  58:Src/stm32f7xx_it.c **** /* External variables --------------------------------------------------------*/
  59:Src/stm32f7xx_it.c **** extern I2S_HandleTypeDef hi2s1;
  60:Src/stm32f7xx_it.c **** /* USER CODE BEGIN EV */
  61:Src/stm32f7xx_it.c **** 
  62:Src/stm32f7xx_it.c **** /* USER CODE END EV */
  63:Src/stm32f7xx_it.c **** 
  64:Src/stm32f7xx_it.c **** /******************************************************************************/
  65:Src/stm32f7xx_it.c **** /*           Cortex-M7 Processor Interruption and Exception Handlers          */ 
  66:Src/stm32f7xx_it.c **** /******************************************************************************/
  67:Src/stm32f7xx_it.c **** /**
  68:Src/stm32f7xx_it.c ****   * @brief This function handles Non maskable interrupt.
  69:Src/stm32f7xx_it.c ****   */
  70:Src/stm32f7xx_it.c **** void NMI_Handler(void)
  71:Src/stm32f7xx_it.c **** {
  28              		.loc 1 71 1 view -0
  29              		.cfi_startproc
  30              		@ args = 0, pretend = 0, frame = 0
  31              		@ frame_needed = 0, uses_anonymous_args = 0
  32              		@ link register save eliminated.
  72:Src/stm32f7xx_it.c ****   /* USER CODE BEGIN NonMaskableInt_IRQn 0 */
  73:Src/stm32f7xx_it.c **** 
  74:Src/stm32f7xx_it.c ****   /* USER CODE END NonMaskableInt_IRQn 0 */
  75:Src/stm32f7xx_it.c ****   /* USER CODE BEGIN NonMaskableInt_IRQn 1 */
  76:Src/stm32f7xx_it.c **** 
  77:Src/stm32f7xx_it.c ****   /* USER CODE END NonMaskableInt_IRQn 1 */
  78:Src/stm32f7xx_it.c **** }
  33              		.loc 1 78 1 view .LVU1
  34 0000 7047     		bx	lr
  35              		.cfi_endproc
  36              	.LFE141:
  38              		.section	.text.HardFault_Handler,"ax",%progbits
ARM GAS  /var/folders/4f/bvl6__ys6qq7h5n0wwljfc200000gn/T//cc5KuBtX.s 			page 3


  39              		.align	1
  40              		.global	HardFault_Handler
  41              		.syntax unified
  42              		.thumb
  43              		.thumb_func
  44              		.fpu fpv5-d16
  46              	HardFault_Handler:
  47              	.LFB142:
  79:Src/stm32f7xx_it.c **** 
  80:Src/stm32f7xx_it.c **** /**
  81:Src/stm32f7xx_it.c ****   * @brief This function handles Hard fault interrupt.
  82:Src/stm32f7xx_it.c ****   */
  83:Src/stm32f7xx_it.c **** void HardFault_Handler(void)
  84:Src/stm32f7xx_it.c **** {
  48              		.loc 1 84 1 view -0
  49              		.cfi_startproc
  50              		@ Volatile: function does not return.
  51              		@ args = 0, pretend = 0, frame = 0
  52              		@ frame_needed = 0, uses_anonymous_args = 0
  53              		@ link register save eliminated.
  54              	.L3:
  85:Src/stm32f7xx_it.c ****   /* USER CODE BEGIN HardFault_IRQn 0 */
  86:Src/stm32f7xx_it.c **** 
  87:Src/stm32f7xx_it.c ****   /* USER CODE END HardFault_IRQn 0 */
  88:Src/stm32f7xx_it.c ****   while (1)
  55              		.loc 1 88 3 discriminator 1 view .LVU3
  89:Src/stm32f7xx_it.c ****   {
  90:Src/stm32f7xx_it.c ****     /* USER CODE BEGIN W1_HardFault_IRQn 0 */
  91:Src/stm32f7xx_it.c ****     /* USER CODE END W1_HardFault_IRQn 0 */
  92:Src/stm32f7xx_it.c ****   }
  56              		.loc 1 92 3 discriminator 1 view .LVU4
  57 0000 FEE7     		b	.L3
  58              		.cfi_endproc
  59              	.LFE142:
  61              		.section	.text.MemManage_Handler,"ax",%progbits
  62              		.align	1
  63              		.global	MemManage_Handler
  64              		.syntax unified
  65              		.thumb
  66              		.thumb_func
  67              		.fpu fpv5-d16
  69              	MemManage_Handler:
  70              	.LFB143:
  93:Src/stm32f7xx_it.c **** }
  94:Src/stm32f7xx_it.c **** 
  95:Src/stm32f7xx_it.c **** /**
  96:Src/stm32f7xx_it.c ****   * @brief This function handles Memory management fault.
  97:Src/stm32f7xx_it.c ****   */
  98:Src/stm32f7xx_it.c **** void MemManage_Handler(void)
  99:Src/stm32f7xx_it.c **** {
  71              		.loc 1 99 1 view -0
  72              		.cfi_startproc
  73              		@ Volatile: function does not return.
  74              		@ args = 0, pretend = 0, frame = 0
  75              		@ frame_needed = 0, uses_anonymous_args = 0
  76              		@ link register save eliminated.
  77              	.L5:
ARM GAS  /var/folders/4f/bvl6__ys6qq7h5n0wwljfc200000gn/T//cc5KuBtX.s 			page 4


 100:Src/stm32f7xx_it.c ****   /* USER CODE BEGIN MemoryManagement_IRQn 0 */
 101:Src/stm32f7xx_it.c **** 
 102:Src/stm32f7xx_it.c ****   /* USER CODE END MemoryManagement_IRQn 0 */
 103:Src/stm32f7xx_it.c ****   while (1)
  78              		.loc 1 103 3 discriminator 1 view .LVU6
 104:Src/stm32f7xx_it.c ****   {
 105:Src/stm32f7xx_it.c ****     /* USER CODE BEGIN W1_MemoryManagement_IRQn 0 */
 106:Src/stm32f7xx_it.c ****     /* USER CODE END W1_MemoryManagement_IRQn 0 */
 107:Src/stm32f7xx_it.c ****   }
  79              		.loc 1 107 3 discriminator 1 view .LVU7
  80 0000 FEE7     		b	.L5
  81              		.cfi_endproc
  82              	.LFE143:
  84              		.section	.text.BusFault_Handler,"ax",%progbits
  85              		.align	1
  86              		.global	BusFault_Handler
  87              		.syntax unified
  88              		.thumb
  89              		.thumb_func
  90              		.fpu fpv5-d16
  92              	BusFault_Handler:
  93              	.LFB144:
 108:Src/stm32f7xx_it.c **** }
 109:Src/stm32f7xx_it.c **** 
 110:Src/stm32f7xx_it.c **** /**
 111:Src/stm32f7xx_it.c ****   * @brief This function handles Pre-fetch fault, memory access fault.
 112:Src/stm32f7xx_it.c ****   */
 113:Src/stm32f7xx_it.c **** void BusFault_Handler(void)
 114:Src/stm32f7xx_it.c **** {
  94              		.loc 1 114 1 view -0
  95              		.cfi_startproc
  96              		@ Volatile: function does not return.
  97              		@ args = 0, pretend = 0, frame = 0
  98              		@ frame_needed = 0, uses_anonymous_args = 0
  99              		@ link register save eliminated.
 100              	.L7:
 115:Src/stm32f7xx_it.c ****   /* USER CODE BEGIN BusFault_IRQn 0 */
 116:Src/stm32f7xx_it.c **** 
 117:Src/stm32f7xx_it.c ****   /* USER CODE END BusFault_IRQn 0 */
 118:Src/stm32f7xx_it.c ****   while (1)
 101              		.loc 1 118 3 discriminator 1 view .LVU9
 119:Src/stm32f7xx_it.c ****   {
 120:Src/stm32f7xx_it.c ****     /* USER CODE BEGIN W1_BusFault_IRQn 0 */
 121:Src/stm32f7xx_it.c ****     /* USER CODE END W1_BusFault_IRQn 0 */
 122:Src/stm32f7xx_it.c ****   }
 102              		.loc 1 122 3 discriminator 1 view .LVU10
 103 0000 FEE7     		b	.L7
 104              		.cfi_endproc
 105              	.LFE144:
 107              		.section	.text.UsageFault_Handler,"ax",%progbits
 108              		.align	1
 109              		.global	UsageFault_Handler
 110              		.syntax unified
 111              		.thumb
 112              		.thumb_func
 113              		.fpu fpv5-d16
 115              	UsageFault_Handler:
ARM GAS  /var/folders/4f/bvl6__ys6qq7h5n0wwljfc200000gn/T//cc5KuBtX.s 			page 5


 116              	.LFB145:
 123:Src/stm32f7xx_it.c **** }
 124:Src/stm32f7xx_it.c **** 
 125:Src/stm32f7xx_it.c **** /**
 126:Src/stm32f7xx_it.c ****   * @brief This function handles Undefined instruction or illegal state.
 127:Src/stm32f7xx_it.c ****   */
 128:Src/stm32f7xx_it.c **** void UsageFault_Handler(void)
 129:Src/stm32f7xx_it.c **** {
 117              		.loc 1 129 1 view -0
 118              		.cfi_startproc
 119              		@ Volatile: function does not return.
 120              		@ args = 0, pretend = 0, frame = 0
 121              		@ frame_needed = 0, uses_anonymous_args = 0
 122              		@ link register save eliminated.
 123              	.L9:
 130:Src/stm32f7xx_it.c ****   /* USER CODE BEGIN UsageFault_IRQn 0 */
 131:Src/stm32f7xx_it.c **** 
 132:Src/stm32f7xx_it.c ****   /* USER CODE END UsageFault_IRQn 0 */
 133:Src/stm32f7xx_it.c ****   while (1)
 124              		.loc 1 133 3 discriminator 1 view .LVU12
 134:Src/stm32f7xx_it.c ****   {
 135:Src/stm32f7xx_it.c ****     /* USER CODE BEGIN W1_UsageFault_IRQn 0 */
 136:Src/stm32f7xx_it.c ****     /* USER CODE END W1_UsageFault_IRQn 0 */
 137:Src/stm32f7xx_it.c ****   }
 125              		.loc 1 137 3 discriminator 1 view .LVU13
 126 0000 FEE7     		b	.L9
 127              		.cfi_endproc
 128              	.LFE145:
 130              		.section	.text.SVC_Handler,"ax",%progbits
 131              		.align	1
 132              		.global	SVC_Handler
 133              		.syntax unified
 134              		.thumb
 135              		.thumb_func
 136              		.fpu fpv5-d16
 138              	SVC_Handler:
 139              	.LFB146:
 138:Src/stm32f7xx_it.c **** }
 139:Src/stm32f7xx_it.c **** 
 140:Src/stm32f7xx_it.c **** /**
 141:Src/stm32f7xx_it.c ****   * @brief This function handles System service call via SWI instruction.
 142:Src/stm32f7xx_it.c ****   */
 143:Src/stm32f7xx_it.c **** void SVC_Handler(void)
 144:Src/stm32f7xx_it.c **** {
 140              		.loc 1 144 1 view -0
 141              		.cfi_startproc
 142              		@ args = 0, pretend = 0, frame = 0
 143              		@ frame_needed = 0, uses_anonymous_args = 0
 144              		@ link register save eliminated.
 145:Src/stm32f7xx_it.c ****   /* USER CODE BEGIN SVCall_IRQn 0 */
 146:Src/stm32f7xx_it.c **** 
 147:Src/stm32f7xx_it.c ****   /* USER CODE END SVCall_IRQn 0 */
 148:Src/stm32f7xx_it.c ****   /* USER CODE BEGIN SVCall_IRQn 1 */
 149:Src/stm32f7xx_it.c **** 
 150:Src/stm32f7xx_it.c ****   /* USER CODE END SVCall_IRQn 1 */
 151:Src/stm32f7xx_it.c **** }
 145              		.loc 1 151 1 view .LVU15
ARM GAS  /var/folders/4f/bvl6__ys6qq7h5n0wwljfc200000gn/T//cc5KuBtX.s 			page 6


 146 0000 7047     		bx	lr
 147              		.cfi_endproc
 148              	.LFE146:
 150              		.section	.text.DebugMon_Handler,"ax",%progbits
 151              		.align	1
 152              		.global	DebugMon_Handler
 153              		.syntax unified
 154              		.thumb
 155              		.thumb_func
 156              		.fpu fpv5-d16
 158              	DebugMon_Handler:
 159              	.LFB147:
 152:Src/stm32f7xx_it.c **** 
 153:Src/stm32f7xx_it.c **** /**
 154:Src/stm32f7xx_it.c ****   * @brief This function handles Debug monitor.
 155:Src/stm32f7xx_it.c ****   */
 156:Src/stm32f7xx_it.c **** void DebugMon_Handler(void)
 157:Src/stm32f7xx_it.c **** {
 160              		.loc 1 157 1 view -0
 161              		.cfi_startproc
 162              		@ args = 0, pretend = 0, frame = 0
 163              		@ frame_needed = 0, uses_anonymous_args = 0
 164              		@ link register save eliminated.
 158:Src/stm32f7xx_it.c ****   /* USER CODE BEGIN DebugMonitor_IRQn 0 */
 159:Src/stm32f7xx_it.c **** 
 160:Src/stm32f7xx_it.c ****   /* USER CODE END DebugMonitor_IRQn 0 */
 161:Src/stm32f7xx_it.c ****   /* USER CODE BEGIN DebugMonitor_IRQn 1 */
 162:Src/stm32f7xx_it.c **** 
 163:Src/stm32f7xx_it.c ****   /* USER CODE END DebugMonitor_IRQn 1 */
 164:Src/stm32f7xx_it.c **** }
 165              		.loc 1 164 1 view .LVU17
 166 0000 7047     		bx	lr
 167              		.cfi_endproc
 168              	.LFE147:
 170              		.section	.text.PendSV_Handler,"ax",%progbits
 171              		.align	1
 172              		.global	PendSV_Handler
 173              		.syntax unified
 174              		.thumb
 175              		.thumb_func
 176              		.fpu fpv5-d16
 178              	PendSV_Handler:
 179              	.LFB148:
 165:Src/stm32f7xx_it.c **** 
 166:Src/stm32f7xx_it.c **** /**
 167:Src/stm32f7xx_it.c ****   * @brief This function handles Pendable request for system service.
 168:Src/stm32f7xx_it.c ****   */
 169:Src/stm32f7xx_it.c **** void PendSV_Handler(void)
 170:Src/stm32f7xx_it.c **** {
 180              		.loc 1 170 1 view -0
 181              		.cfi_startproc
 182              		@ args = 0, pretend = 0, frame = 0
 183              		@ frame_needed = 0, uses_anonymous_args = 0
 184              		@ link register save eliminated.
 171:Src/stm32f7xx_it.c ****   /* USER CODE BEGIN PendSV_IRQn 0 */
 172:Src/stm32f7xx_it.c **** 
 173:Src/stm32f7xx_it.c ****   /* USER CODE END PendSV_IRQn 0 */
ARM GAS  /var/folders/4f/bvl6__ys6qq7h5n0wwljfc200000gn/T//cc5KuBtX.s 			page 7


 174:Src/stm32f7xx_it.c ****   /* USER CODE BEGIN PendSV_IRQn 1 */
 175:Src/stm32f7xx_it.c **** 
 176:Src/stm32f7xx_it.c ****   /* USER CODE END PendSV_IRQn 1 */
 177:Src/stm32f7xx_it.c **** }
 185              		.loc 1 177 1 view .LVU19
 186 0000 7047     		bx	lr
 187              		.cfi_endproc
 188              	.LFE148:
 190              		.section	.text.SysTick_Handler,"ax",%progbits
 191              		.align	1
 192              		.global	SysTick_Handler
 193              		.syntax unified
 194              		.thumb
 195              		.thumb_func
 196              		.fpu fpv5-d16
 198              	SysTick_Handler:
 199              	.LFB149:
 178:Src/stm32f7xx_it.c **** 
 179:Src/stm32f7xx_it.c **** /**
 180:Src/stm32f7xx_it.c ****   * @brief This function handles System tick timer.
 181:Src/stm32f7xx_it.c ****   */
 182:Src/stm32f7xx_it.c **** void SysTick_Handler(void)
 183:Src/stm32f7xx_it.c **** {
 200              		.loc 1 183 1 view -0
 201              		.cfi_startproc
 202              		@ args = 0, pretend = 0, frame = 0
 203              		@ frame_needed = 0, uses_anonymous_args = 0
 204 0000 08B5     		push	{r3, lr}
 205              	.LCFI0:
 206              		.cfi_def_cfa_offset 8
 207              		.cfi_offset 3, -8
 208              		.cfi_offset 14, -4
 184:Src/stm32f7xx_it.c ****   /* USER CODE BEGIN SysTick_IRQn 0 */
 185:Src/stm32f7xx_it.c **** 
 186:Src/stm32f7xx_it.c ****   /* USER CODE END SysTick_IRQn 0 */
 187:Src/stm32f7xx_it.c ****   HAL_IncTick();
 209              		.loc 1 187 3 view .LVU21
 210 0002 FFF7FEFF 		bl	HAL_IncTick
 211              	.LVL0:
 188:Src/stm32f7xx_it.c ****   /* USER CODE BEGIN SysTick_IRQn 1 */
 189:Src/stm32f7xx_it.c **** 
 190:Src/stm32f7xx_it.c ****   /* USER CODE END SysTick_IRQn 1 */
 191:Src/stm32f7xx_it.c **** }
 212              		.loc 1 191 1 is_stmt 0 view .LVU22
 213 0006 08BD     		pop	{r3, pc}
 214              		.cfi_endproc
 215              	.LFE149:
 217              		.section	.text.SPI1_IRQHandler,"ax",%progbits
 218              		.align	1
 219              		.global	SPI1_IRQHandler
 220              		.syntax unified
 221              		.thumb
 222              		.thumb_func
 223              		.fpu fpv5-d16
 225              	SPI1_IRQHandler:
 226              	.LFB150:
 192:Src/stm32f7xx_it.c **** 
ARM GAS  /var/folders/4f/bvl6__ys6qq7h5n0wwljfc200000gn/T//cc5KuBtX.s 			page 8


 193:Src/stm32f7xx_it.c **** /******************************************************************************/
 194:Src/stm32f7xx_it.c **** /* STM32F7xx Peripheral Interrupt Handlers                                    */
 195:Src/stm32f7xx_it.c **** /* Add here the Interrupt Handlers for the used peripherals.                  */
 196:Src/stm32f7xx_it.c **** /* For the available peripheral interrupt handler names,                      */
 197:Src/stm32f7xx_it.c **** /* please refer to the startup file (startup_stm32f7xx.s).                    */
 198:Src/stm32f7xx_it.c **** /******************************************************************************/
 199:Src/stm32f7xx_it.c **** 
 200:Src/stm32f7xx_it.c **** /**
 201:Src/stm32f7xx_it.c ****   * @brief This function handles SPI1 global interrupt.
 202:Src/stm32f7xx_it.c ****   */
 203:Src/stm32f7xx_it.c **** void SPI1_IRQHandler(void)
 204:Src/stm32f7xx_it.c **** {
 227              		.loc 1 204 1 is_stmt 1 view -0
 228              		.cfi_startproc
 229              		@ args = 0, pretend = 0, frame = 0
 230              		@ frame_needed = 0, uses_anonymous_args = 0
 231 0000 08B5     		push	{r3, lr}
 232              	.LCFI1:
 233              		.cfi_def_cfa_offset 8
 234              		.cfi_offset 3, -8
 235              		.cfi_offset 14, -4
 205:Src/stm32f7xx_it.c ****   /* USER CODE BEGIN SPI1_IRQn 0 */
 206:Src/stm32f7xx_it.c **** 
 207:Src/stm32f7xx_it.c ****   /* USER CODE END SPI1_IRQn 0 */
 208:Src/stm32f7xx_it.c ****   HAL_I2S_IRQHandler(&hi2s1);
 236              		.loc 1 208 3 view .LVU24
 237 0002 0248     		ldr	r0, .L17
 238 0004 FFF7FEFF 		bl	HAL_I2S_IRQHandler
 239              	.LVL1:
 209:Src/stm32f7xx_it.c ****   /* USER CODE BEGIN SPI1_IRQn 1 */
 210:Src/stm32f7xx_it.c **** 
 211:Src/stm32f7xx_it.c ****   /* USER CODE END SPI1_IRQn 1 */
 212:Src/stm32f7xx_it.c **** }
 240              		.loc 1 212 1 is_stmt 0 view .LVU25
 241 0008 08BD     		pop	{r3, pc}
 242              	.L18:
 243 000a 00BF     		.align	2
 244              	.L17:
 245 000c 00000000 		.word	hi2s1
 246              		.cfi_endproc
 247              	.LFE150:
 249              		.text
 250              	.Letext0:
 251              		.file 2 "/Users/evan/mixr/software/gcc-arm-none-eabi-8-2019-q3-update/arm-none-eabi/include/machin
 252              		.file 3 "/Users/evan/mixr/software/gcc-arm-none-eabi-8-2019-q3-update/arm-none-eabi/include/sys/_s
 253              		.file 4 "Drivers/CMSIS/Include/core_cm7.h"
 254              		.file 5 "Drivers/CMSIS/Device/ST/STM32F7xx/Include/system_stm32f7xx.h"
 255              		.file 6 "Drivers/CMSIS/Device/ST/STM32F7xx/Include/stm32f769xx.h"
 256              		.file 7 "Drivers/STM32F7xx_HAL_Driver/Inc/stm32f7xx_hal_def.h"
 257              		.file 8 "Drivers/STM32F7xx_HAL_Driver/Inc/stm32f7xx_hal_dma.h"
 258              		.file 9 "Drivers/STM32F7xx_HAL_Driver/Inc/stm32f7xx_hal_i2s.h"
 259              		.file 10 "Drivers/STM32F7xx_HAL_Driver/Inc/stm32f7xx_hal.h"
ARM GAS  /var/folders/4f/bvl6__ys6qq7h5n0wwljfc200000gn/T//cc5KuBtX.s 			page 9


DEFINED SYMBOLS
                            *ABS*:0000000000000000 stm32f7xx_it.c
/var/folders/4f/bvl6__ys6qq7h5n0wwljfc200000gn/T//cc5KuBtX.s:17     .text.NMI_Handler:0000000000000000 $t
/var/folders/4f/bvl6__ys6qq7h5n0wwljfc200000gn/T//cc5KuBtX.s:25     .text.NMI_Handler:0000000000000000 NMI_Handler
/var/folders/4f/bvl6__ys6qq7h5n0wwljfc200000gn/T//cc5KuBtX.s:39     .text.HardFault_Handler:0000000000000000 $t
/var/folders/4f/bvl6__ys6qq7h5n0wwljfc200000gn/T//cc5KuBtX.s:46     .text.HardFault_Handler:0000000000000000 HardFault_Handler
/var/folders/4f/bvl6__ys6qq7h5n0wwljfc200000gn/T//cc5KuBtX.s:62     .text.MemManage_Handler:0000000000000000 $t
/var/folders/4f/bvl6__ys6qq7h5n0wwljfc200000gn/T//cc5KuBtX.s:69     .text.MemManage_Handler:0000000000000000 MemManage_Handler
/var/folders/4f/bvl6__ys6qq7h5n0wwljfc200000gn/T//cc5KuBtX.s:85     .text.BusFault_Handler:0000000000000000 $t
/var/folders/4f/bvl6__ys6qq7h5n0wwljfc200000gn/T//cc5KuBtX.s:92     .text.BusFault_Handler:0000000000000000 BusFault_Handler
/var/folders/4f/bvl6__ys6qq7h5n0wwljfc200000gn/T//cc5KuBtX.s:108    .text.UsageFault_Handler:0000000000000000 $t
/var/folders/4f/bvl6__ys6qq7h5n0wwljfc200000gn/T//cc5KuBtX.s:115    .text.UsageFault_Handler:0000000000000000 UsageFault_Handler
/var/folders/4f/bvl6__ys6qq7h5n0wwljfc200000gn/T//cc5KuBtX.s:131    .text.SVC_Handler:0000000000000000 $t
/var/folders/4f/bvl6__ys6qq7h5n0wwljfc200000gn/T//cc5KuBtX.s:138    .text.SVC_Handler:0000000000000000 SVC_Handler
/var/folders/4f/bvl6__ys6qq7h5n0wwljfc200000gn/T//cc5KuBtX.s:151    .text.DebugMon_Handler:0000000000000000 $t
/var/folders/4f/bvl6__ys6qq7h5n0wwljfc200000gn/T//cc5KuBtX.s:158    .text.DebugMon_Handler:0000000000000000 DebugMon_Handler
/var/folders/4f/bvl6__ys6qq7h5n0wwljfc200000gn/T//cc5KuBtX.s:171    .text.PendSV_Handler:0000000000000000 $t
/var/folders/4f/bvl6__ys6qq7h5n0wwljfc200000gn/T//cc5KuBtX.s:178    .text.PendSV_Handler:0000000000000000 PendSV_Handler
/var/folders/4f/bvl6__ys6qq7h5n0wwljfc200000gn/T//cc5KuBtX.s:191    .text.SysTick_Handler:0000000000000000 $t
/var/folders/4f/bvl6__ys6qq7h5n0wwljfc200000gn/T//cc5KuBtX.s:198    .text.SysTick_Handler:0000000000000000 SysTick_Handler
/var/folders/4f/bvl6__ys6qq7h5n0wwljfc200000gn/T//cc5KuBtX.s:218    .text.SPI1_IRQHandler:0000000000000000 $t
/var/folders/4f/bvl6__ys6qq7h5n0wwljfc200000gn/T//cc5KuBtX.s:225    .text.SPI1_IRQHandler:0000000000000000 SPI1_IRQHandler
/var/folders/4f/bvl6__ys6qq7h5n0wwljfc200000gn/T//cc5KuBtX.s:245    .text.SPI1_IRQHandler:000000000000000c $d

UNDEFINED SYMBOLS
HAL_IncTick
HAL_I2S_IRQHandler
hi2s1
