ARM GAS  /var/folders/4f/bvl6__ys6qq7h5n0wwljfc200000gn/T//cckBZmEx.s 			page 1


   1              		.cpu cortex-m7
   2              		.eabi_attribute 28, 1
   3              		.eabi_attribute 20, 1
   4              		.eabi_attribute 21, 1
   5              		.eabi_attribute 23, 3
   6              		.eabi_attribute 24, 1
   7              		.eabi_attribute 25, 1
   8              		.eabi_attribute 26, 1
   9              		.eabi_attribute 30, 1
  10              		.eabi_attribute 34, 1
  11              		.eabi_attribute 18, 4
  12              		.file	"syscall.c"
  13              		.text
  14              	.Ltext0:
  15              		.cfi_sections	.debug_frame
  16              	.Letext0:
  17              		.file 1 "/Users/evan/mixr/software/gcc-arm-none-eabi-8-2019-q3-update/arm-none-eabi/include/machin
  18              		.file 2 "/Users/evan/mixr/software/gcc-arm-none-eabi-8-2019-q3-update/arm-none-eabi/include/sys/_s
  19              		.file 3 "Drivers/CMSIS/Include/core_cm7.h"
  20              		.file 4 "Drivers/CMSIS/Device/ST/STM32F7xx/Include/system_stm32f7xx.h"
  21              		.file 5 "Drivers/STM32F7xx_HAL_Driver/Inc/stm32f7xx_hal.h"
  22              		.file 6 "/Users/evan/mixr/software/gcc-arm-none-eabi-8-2019-q3-update/lib/gcc/arm-none-eabi/8.3.1/
  23              		.file 7 "/Users/evan/mixr/software/gcc-arm-none-eabi-8-2019-q3-update/arm-none-eabi/include/sys/_t
  24              		.file 8 "/Users/evan/mixr/software/gcc-arm-none-eabi-8-2019-q3-update/arm-none-eabi/include/sys/re
  25              		.file 9 "/Users/evan/mixr/software/gcc-arm-none-eabi-8-2019-q3-update/arm-none-eabi/include/sys/lo
  26              		.file 10 "/Users/evan/mixr/software/gcc-arm-none-eabi-8-2019-q3-update/arm-none-eabi/include/stdli
ARM GAS  /var/folders/4f/bvl6__ys6qq7h5n0wwljfc200000gn/T//cckBZmEx.s 			page 2


DEFINED SYMBOLS
                            *ABS*:0000000000000000 syscall.c

NO UNDEFINED SYMBOLS
